2025-04-17 22:42:00,259	[INFO]	(client.py:162)_bot_login	[botpy] 登录机器人账号中...
2025-04-17 22:42:01,059	[INFO]	(robot.py:65)update_access_token	[botpy] access_token expires_in 3433
2025-04-17 22:42:03,197	[INFO]	(client.py:181)_bot_init	[botpy] 程序启动...
2025-04-17 22:42:03,197	[INFO]	(connection.py:60)multi_run	[botpy] 最大并发连接数: 1, 启动会话数: 1
2025-04-17 22:42:03,197	[INFO]	(client.py:242)bot_connect	[botpy] 会话启动中...
2025-04-17 22:42:03,198	[INFO]	(gateway.py:115)ws_connect	[botpy] 启动中...
2025-04-17 22:42:04,108	[INFO]	(gateway.py:142)ws_identify	[botpy] 鉴权中...
2025-04-17 22:42:04,403	[INFO]	(gateway.py:85)on_message	[botpy] 机器人「王熙凤JX3Bot-测试中」启动成功！
2025-04-17 22:42:04,404	[INFO]	(gateway.py:223)_send_heart	[botpy] 心跳维持启动...
2025-04-17 22:42:04,404	[INFO]	(main.py:16)on_ready	机器人「王熙凤JX3Bot-测试中」已上线
2025-04-17 22:54:45,359	[INFO]	(client.py:162)_bot_login	[botpy] 登录机器人账号中...
2025-04-17 22:54:46,145	[INFO]	(robot.py:65)update_access_token	[botpy] access_token expires_in 2668
2025-04-17 22:54:48,437	[INFO]	(client.py:181)_bot_init	[botpy] 程序启动...
2025-04-17 22:54:48,437	[INFO]	(connection.py:60)multi_run	[botpy] 最大并发连接数: 1, 启动会话数: 1
2025-04-17 22:54:48,437	[INFO]	(client.py:242)bot_connect	[botpy] 会话启动中...
2025-04-17 22:54:48,437	[INFO]	(gateway.py:115)ws_connect	[botpy] 启动中...
2025-04-17 22:54:49,367	[INFO]	(gateway.py:142)ws_identify	[botpy] 鉴权中...
2025-04-17 22:54:49,657	[INFO]	(gateway.py:85)on_message	[botpy] 机器人「王熙凤JX3Bot-测试中」启动成功！
2025-04-17 22:54:49,657	[INFO]	(gateway.py:223)_send_heart	[botpy] 心跳维持启动...
2025-04-17 22:54:49,657	[INFO]	(main.py:16)on_ready	机器人「王熙凤JX3Bot-测试中」已上线
2025-04-17 22:55:28,249	[INFO]	(client.py:162)_bot_login	[botpy] 登录机器人账号中...
2025-04-17 22:55:28,955	[INFO]	(robot.py:65)update_access_token	[botpy] access_token expires_in 2625
2025-04-17 22:55:30,956	[INFO]	(client.py:181)_bot_init	[botpy] 程序启动...
2025-04-17 22:55:30,957	[INFO]	(connection.py:60)multi_run	[botpy] 最大并发连接数: 1, 启动会话数: 1
2025-04-17 22:55:30,957	[INFO]	(client.py:242)bot_connect	[botpy] 会话启动中...
2025-04-17 22:55:30,957	[INFO]	(gateway.py:115)ws_connect	[botpy] 启动中...
2025-04-17 22:55:31,899	[INFO]	(gateway.py:142)ws_identify	[botpy] 鉴权中...
2025-04-17 22:55:32,191	[INFO]	(gateway.py:85)on_message	[botpy] 机器人「王熙凤JX3Bot-测试中」启动成功！
2025-04-17 22:55:32,191	[INFO]	(gateway.py:223)_send_heart	[botpy] 心跳维持启动...
2025-04-17 22:55:32,192	[INFO]	(main.py:17)on_ready	机器人「王熙凤JX3Bot-测试中」已上线
2025-04-17 22:56:32,430	[INFO]	(gateway.py:56)on_closed	[botpy] 关闭, 返回码: 1006, 返回信息: None
2025-04-17 22:56:32,430	[INFO]	(gateway.py:134)ws_connect	[botpy] ws关闭, 停止接收消息!
2025-04-17 22:56:37,437	[INFO]	(connection.py:60)multi_run	[botpy] 最大并发连接数: 1, 启动会话数: 1
2025-04-17 22:56:37,437	[INFO]	(client.py:242)bot_connect	[botpy] 会话启动中...
2025-04-17 22:56:37,437	[INFO]	(gateway.py:115)ws_connect	[botpy] 启动中...
2025-04-17 22:56:38,352	[INFO]	(gateway.py:175)ws_resume	[botpy] 重连启动...
2025-04-17 22:56:38,622	[INFO]	(gateway.py:90)on_message	[botpy] 机器人重连成功! 
2025-04-17 22:56:38,622	[INFO]	(gateway.py:223)_send_heart	[botpy] 心跳维持启动...
2025-04-17 23:06:16,944	[INFO]	(client.py:162)_bot_login	[botpy] 登录机器人账号中...
2025-04-17 23:06:17,914	[INFO]	(robot.py:65)update_access_token	[botpy] access_token expires_in 1976
2025-04-17 23:06:20,133	[INFO]	(client.py:181)_bot_init	[botpy] 程序启动...
2025-04-17 23:06:20,134	[INFO]	(connection.py:60)multi_run	[botpy] 最大并发连接数: 1, 启动会话数: 1
2025-04-17 23:06:20,134	[INFO]	(client.py:242)bot_connect	[botpy] 会话启动中...
2025-04-17 23:06:20,134	[INFO]	(gateway.py:115)ws_connect	[botpy] 启动中...
2025-04-17 23:06:21,059	[INFO]	(gateway.py:142)ws_identify	[botpy] 鉴权中...
2025-04-17 23:06:21,363	[INFO]	(gateway.py:85)on_message	[botpy] 机器人「王熙凤JX3Bot-测试中」启动成功！
2025-04-17 23:06:21,364	[INFO]	(gateway.py:223)_send_heart	[botpy] 心跳维持启动...
2025-04-17 23:06:21,364	[INFO]	(main.py:17)on_ready	机器人「王熙凤JX3Bot-测试中」已上线
2025-04-17 23:07:51,593	[INFO]	(gateway.py:56)on_closed	[botpy] 关闭, 返回码: 1006, 返回信息: None
2025-04-17 23:07:51,593	[INFO]	(gateway.py:134)ws_connect	[botpy] ws关闭, 停止接收消息!
2025-04-17 23:07:56,608	[INFO]	(connection.py:60)multi_run	[botpy] 最大并发连接数: 1, 启动会话数: 1
2025-04-17 23:07:56,608	[INFO]	(client.py:242)bot_connect	[botpy] 会话启动中...
2025-04-17 23:07:56,608	[INFO]	(gateway.py:115)ws_connect	[botpy] 启动中...
2025-04-17 23:07:57,511	[INFO]	(gateway.py:175)ws_resume	[botpy] 重连启动...
2025-04-17 23:07:59,919	[INFO]	(client.py:162)_bot_login	[botpy] 登录机器人账号中...
2025-04-17 23:08:00,632	[INFO]	(robot.py:65)update_access_token	[botpy] access_token expires_in 1873
2025-04-17 23:08:02,649	[INFO]	(client.py:181)_bot_init	[botpy] 程序启动...
2025-04-17 23:08:02,649	[INFO]	(connection.py:60)multi_run	[botpy] 最大并发连接数: 1, 启动会话数: 1
2025-04-17 23:08:02,650	[INFO]	(client.py:242)bot_connect	[botpy] 会话启动中...
2025-04-17 23:08:02,650	[INFO]	(gateway.py:115)ws_connect	[botpy] 启动中...
2025-04-17 23:08:03,563	[INFO]	(gateway.py:142)ws_identify	[botpy] 鉴权中...
2025-04-17 23:08:03,850	[INFO]	(gateway.py:85)on_message	[botpy] 机器人「王熙凤JX3Bot-测试中」启动成功！
2025-04-17 23:08:03,851	[INFO]	(gateway.py:223)_send_heart	[botpy] 心跳维持启动...
2025-04-17 23:08:03,851	[INFO]	(main.py:17)on_ready	机器人「王熙凤JX3Bot-测试中」已上线
2025-04-17 23:09:04,079	[INFO]	(gateway.py:56)on_closed	[botpy] 关闭, 返回码: 1006, 返回信息: None
2025-04-17 23:09:04,079	[INFO]	(gateway.py:134)ws_connect	[botpy] ws关闭, 停止接收消息!
2025-04-17 23:09:09,080	[INFO]	(connection.py:60)multi_run	[botpy] 最大并发连接数: 1, 启动会话数: 1
2025-04-17 23:09:09,080	[INFO]	(client.py:242)bot_connect	[botpy] 会话启动中...
2025-04-17 23:09:09,080	[INFO]	(gateway.py:115)ws_connect	[botpy] 启动中...
2025-04-17 23:09:10,281	[INFO]	(gateway.py:175)ws_resume	[botpy] 重连启动...
2025-04-17 23:09:10,551	[INFO]	(gateway.py:90)on_message	[botpy] 机器人重连成功! 
2025-04-17 23:09:10,551	[INFO]	(gateway.py:223)_send_heart	[botpy] 心跳维持启动...
2025-04-17 23:09:40,780	[INFO]	(gateway.py:56)on_closed	[botpy] 关闭, 返回码: 1006, 返回信息: None
2025-04-17 23:09:40,780	[INFO]	(gateway.py:134)ws_connect	[botpy] ws关闭, 停止接收消息!
2025-04-17 23:09:45,790	[INFO]	(connection.py:60)multi_run	[botpy] 最大并发连接数: 1, 启动会话数: 1
2025-04-17 23:09:45,790	[INFO]	(client.py:242)bot_connect	[botpy] 会话启动中...
2025-04-17 23:09:45,790	[INFO]	(gateway.py:115)ws_connect	[botpy] 启动中...
2025-04-17 23:09:46,719	[INFO]	(gateway.py:175)ws_resume	[botpy] 重连启动...
2025-04-17 23:09:46,990	[INFO]	(gateway.py:90)on_message	[botpy] 机器人重连成功! 
2025-04-17 23:09:46,990	[INFO]	(gateway.py:223)_send_heart	[botpy] 心跳维持启动...
2025-04-17 23:10:17,214	[INFO]	(gateway.py:56)on_closed	[botpy] 关闭, 返回码: 1006, 返回信息: None
2025-04-17 23:10:17,214	[INFO]	(gateway.py:134)ws_connect	[botpy] ws关闭, 停止接收消息!
2025-04-17 23:10:22,220	[INFO]	(connection.py:60)multi_run	[botpy] 最大并发连接数: 1, 启动会话数: 1
2025-04-17 23:10:22,220	[INFO]	(client.py:242)bot_connect	[botpy] 会话启动中...
2025-04-17 23:10:22,220	[INFO]	(gateway.py:115)ws_connect	[botpy] 启动中...
2025-04-17 23:10:23,156	[INFO]	(gateway.py:175)ws_resume	[botpy] 重连启动...
2025-04-17 23:10:23,433	[INFO]	(gateway.py:90)on_message	[botpy] 机器人重连成功! 
2025-04-17 23:10:23,433	[INFO]	(gateway.py:223)_send_heart	[botpy] 心跳维持启动...
2025-04-17 23:11:23,673	[INFO]	(gateway.py:56)on_closed	[botpy] 关闭, 返回码: 1006, 返回信息: None
2025-04-17 23:11:23,673	[INFO]	(gateway.py:134)ws_connect	[botpy] ws关闭, 停止接收消息!
2025-04-17 23:11:28,679	[INFO]	(connection.py:60)multi_run	[botpy] 最大并发连接数: 1, 启动会话数: 1
2025-04-17 23:11:28,679	[INFO]	(client.py:242)bot_connect	[botpy] 会话启动中...
2025-04-17 23:11:28,679	[INFO]	(gateway.py:115)ws_connect	[botpy] 启动中...
2025-04-17 23:11:29,654	[INFO]	(gateway.py:175)ws_resume	[botpy] 重连启动...
2025-04-17 23:11:29,928	[INFO]	(gateway.py:90)on_message	[botpy] 机器人重连成功! 
2025-04-17 23:11:29,928	[INFO]	(gateway.py:223)_send_heart	[botpy] 心跳维持启动...
2025-04-17 23:12:30,156	[INFO]	(gateway.py:56)on_closed	[botpy] 关闭, 返回码: 1006, 返回信息: None
2025-04-17 23:12:30,156	[INFO]	(gateway.py:134)ws_connect	[botpy] ws关闭, 停止接收消息!
2025-04-17 23:12:35,163	[INFO]	(connection.py:60)multi_run	[botpy] 最大并发连接数: 1, 启动会话数: 1
2025-04-17 23:12:35,163	[INFO]	(client.py:242)bot_connect	[botpy] 会话启动中...
2025-04-17 23:12:35,163	[INFO]	(gateway.py:115)ws_connect	[botpy] 启动中...
2025-04-17 23:12:36,086	[INFO]	(gateway.py:175)ws_resume	[botpy] 重连启动...
2025-04-17 23:12:36,352	[INFO]	(gateway.py:90)on_message	[botpy] 机器人重连成功! 
2025-04-17 23:12:36,352	[INFO]	(gateway.py:223)_send_heart	[botpy] 心跳维持启动...
2025-04-17 23:13:06,576	[INFO]	(gateway.py:56)on_closed	[botpy] 关闭, 返回码: 1006, 返回信息: None
2025-04-17 23:13:06,576	[INFO]	(gateway.py:134)ws_connect	[botpy] ws关闭, 停止接收消息!
2025-04-17 23:13:11,590	[INFO]	(connection.py:60)multi_run	[botpy] 最大并发连接数: 1, 启动会话数: 1
2025-04-17 23:13:11,590	[INFO]	(client.py:242)bot_connect	[botpy] 会话启动中...
2025-04-17 23:13:11,590	[INFO]	(gateway.py:115)ws_connect	[botpy] 启动中...
2025-04-17 23:13:12,526	[INFO]	(gateway.py:175)ws_resume	[botpy] 重连启动...
2025-04-17 23:13:12,795	[INFO]	(gateway.py:90)on_message	[botpy] 机器人重连成功! 
2025-04-17 23:13:12,796	[INFO]	(gateway.py:223)_send_heart	[botpy] 心跳维持启动...
2025-04-17 23:31:09,503	[INFO]	(client.py:162)_bot_login	[botpy] 登录机器人账号中...
2025-04-17 23:31:10,558	[INFO]	(robot.py:65)update_access_token	[botpy] access_token expires_in 484
2025-04-17 23:31:12,854	[INFO]	(client.py:181)_bot_init	[botpy] 程序启动...
2025-04-17 23:31:12,854	[INFO]	(connection.py:60)multi_run	[botpy] 最大并发连接数: 1, 启动会话数: 1
2025-04-17 23:31:12,854	[INFO]	(client.py:242)bot_connect	[botpy] 会话启动中...
2025-04-17 23:31:12,854	[INFO]	(gateway.py:115)ws_connect	[botpy] 启动中...
2025-04-17 23:31:13,754	[INFO]	(gateway.py:142)ws_identify	[botpy] 鉴权中...
2025-04-17 23:31:14,058	[INFO]	(gateway.py:85)on_message	[botpy] 机器人「王熙凤JX3Bot-测试中」启动成功！
2025-04-17 23:31:14,059	[INFO]	(gateway.py:223)_send_heart	[botpy] 心跳维持启动...
2025-04-17 23:31:14,059	[INFO]	(main.py:17)on_ready	机器人「王熙凤JX3Bot-测试中」已上线
